[2017-03-21 16:32:45] START
[2017-03-25 15:01:02] EDIT project_se/models/db.py: -4
[2017-03-25 15:07:11] EDIT project_se/models/db.py: 0
[2017-03-25 15:08:23] EDIT project_se/models/db.py: 0
[2017-03-25 15:13:47] EDIT project_se/models/menu.py: 2
[2017-03-25 15:13:56] EDIT project_se/models/menu.py: 0
[2017-03-25 15:14:08] EDIT project_se/models/menu.py: 0
[2017-03-25 15:18:23] EDIT project_se/models/menu.py: 4
[2017-03-25 15:18:43] EDIT project_se/models/menu.py: 0
[2017-03-25 15:19:21] EDIT project_se/models/menu.py: 0
[2017-03-25 15:20:30] EDIT project_se/controllers/default.py: 6
[2017-03-25 15:29:30] EDIT project_se/models/menu.py: 0
[2017-03-25 15:29:41] EDIT project_se/models/menu.py: 0
[2017-03-25 15:29:50] EDIT project_se/models/menu.py: 0
[2017-03-25 15:30:13] EDIT project_se/models/menu.py: 0
[2017-03-25 15:51:36] EDIT project_se/models/new_tables.py: 5
[2017-03-25 15:57:48] EDIT project_se/models/new_tables.py: 2
[2017-03-25 16:10:18] EDIT project_se/controllers/default.py: 1
[2017-03-25 16:10:45] CREATE default/propose.html: 0
[2017-03-25 16:11:18] EDIT project_se/views/default/propose.html: -1
[2017-03-25 16:12:27] EDIT project_se/models/new_tables.py: 0
[2017-03-25 16:13:12] EDIT project_se/controllers/default.py: 0
[2017-03-25 16:17:08] EDIT project_se/models/new_tables.py: 0
[2017-03-25 16:23:28] EDIT project_se/models/new_tables.py: 3
[2017-03-25 16:23:52] EDIT project_se/models/new_tables.py: 2
[2017-03-25 16:26:10] EDIT project_se/models/new_tables.py: 3
[2017-03-25 16:26:27] EDIT project_se/models/new_tables.py: -2
[2017-03-25 16:27:09] EDIT project_se/models/new_tables.py: 0
[2017-03-25 16:42:10] EDIT project_se/models/menu.py: 0
[2017-03-25 17:08:14] EDIT project_se/models/menu.py: 0
[2017-03-25 17:13:07] EDIT project_se/controllers/default.py: 2
[2017-03-25 17:13:15] EDIT project_se/controllers/default.py: 1
[2017-03-25 17:13:49] EDIT project_se/controllers/default.py: 0
[2017-03-25 17:14:19] CREATE default/proposals.html: 0
[2017-03-25 17:20:16] EDIT project_se/views/default/proposals.html: 7
[2017-03-25 17:22:26] EDIT project_se/controllers/default.py: 1
[2017-03-25 17:22:40] EDIT project_se/controllers/default.py: 1
[2017-03-25 17:22:47] EDIT project_se/views/default/proposals.html: 0
[2017-03-25 17:24:48] EDIT project_se/controllers/default.py: 1
[2017-03-25 17:34:40] EDIT project_se/controllers/default.py: 0
[2017-03-25 17:35:40] EDIT project_se/controllers/default.py: 0
[2017-03-25 17:40:27] CREATE default/show.html: 0
[2017-03-25 17:51:04] EDIT project_se/views/default/show.html: 3
[2017-03-25 18:01:09] EDIT project_se/views/default/proposals.html: 6
[2017-03-25 18:12:23] EDIT project_se/controllers/default.py: 7
[2017-03-25 18:13:12] EDIT project_se/controllers/default.py: 0
[2017-03-25 18:13:55] EDIT project_se/controllers/default.py: 0
[2017-03-25 18:18:16] EDIT project_se/models/menu.py: 1
[2017-03-25 18:21:12] EDIT project_se/models/new_tables.py: 7
[2017-03-25 18:21:27] EDIT project_se/models/new_tables.py: 0
[2017-03-25 18:22:53] EDIT project_se/models/new_tables.py: 1
[2017-03-25 18:22:55] EDIT project_se/models/new_tables.py: 0
[2017-03-25 18:23:32] EDIT project_se/models/new_tables.py: 1
[2017-03-25 18:23:52] EDIT project_se/models/new_tables.py: 0
[2017-03-25 18:37:38] EDIT project_se/models/new_tables.py: 0
[2017-03-25 18:37:53] EDIT project_se/controllers/default.py: 0
[2017-03-25 18:38:03] EDIT project_se/controllers/default.py: 0
[2017-03-25 18:40:46] EDIT project_se/controllers/default.py: 0
[2017-03-25 18:43:11] EDIT project_se/models/new_tables.py: 0
[2017-03-25 18:43:29] EDIT project_se/models/new_tables.py: 0
[2017-03-25 18:43:35] EDIT project_se/models/new_tables.py: 0
[2017-03-25 18:44:47] EDIT project_se/models/new_tables.py: 0
[2017-03-25 18:56:19] EDIT project_se/controllers/default.py: 6
[2017-03-25 18:56:51] EDIT project_se/controllers/default.py: 0
[2017-03-25 19:06:31] EDIT project_se/models/new_tables.py: 0
[2017-03-25 19:12:07] EDIT project_se/models/menu.py: 0
[2017-03-25 19:12:31] EDIT project_se/models/menu.py: 0
[2017-03-25 19:14:53] EDIT project_se/models/menu.py: -1
[2017-03-25 19:18:18] EDIT project_se/views/default/proposals.html: 0
[2017-03-25 19:19:05] EDIT project_se/views/default/proposals.html: 0
[2017-03-25 19:20:50] EDIT project_se/views/default/proposals.html: 0
[2017-03-25 19:21:56] EDIT project_se/controllers/default.py: 0
[2017-03-25 19:23:27] EDIT project_se/controllers/default.py: 1
[2017-03-25 19:25:58] EDIT project_se/models/new_tables.py: 0
[2017-03-25 19:31:18] CREATE default/show_content.html: 0
[2017-03-25 19:31:41] EDIT project_se/views/default/show_content.html: 3
[2017-03-25 19:32:10] EDIT project_se/views/default/show_content.html: 0
[2017-03-26 14:38:35] CREATE default/news_stories.html: 0
[2017-03-26 14:40:02] EDIT project_se/controllers/default.py: 3
[2017-03-26 14:48:31] EDIT project_se/views/default/news_stories.html: 6
[2017-03-26 14:49:12] EDIT project_se/controllers/default.py: 0
[2017-03-26 14:50:45] EDIT project_se/views/default/news_stories.html: -7
[2017-03-26 14:53:59] EDIT project_se/views/default/news_stories.html: 0
[2017-03-26 15:22:38] EDIT project_se/controllers/default.py: 0
[2017-03-26 15:24:15] EDIT project_se/views/default/news_stories.html: 3
[2017-03-26 15:36:33] EDIT project_se/views/default/news_stories.html: 0
[2017-03-26 15:40:09] EDIT project_se/controllers/default.py: 0
[2017-03-26 15:40:48] EDIT project_se/views/default/news_stories.html: -3
[2017-03-26 15:41:38] EDIT project_se/views/default/news_stories.html: 3
[2017-03-26 15:45:16] EDIT project_se/views/default/news_stories.html: 4
[2017-03-26 15:48:07] EDIT project_se/views/default/news_stories.html: 1
[2017-03-26 15:48:54] EDIT project_se/views/default/news_stories.html: 0
[2017-03-26 15:49:12] EDIT project_se/views/default/news_stories.html: 0
[2017-03-26 15:51:21] EDIT project_se/views/default/news_stories.html: 0
[2017-03-26 15:52:05] EDIT project_se/views/default/news_stories.html: 1
[2017-03-26 15:52:45] EDIT project_se/views/default/news_stories.html: 0
[2017-03-26 15:53:04] EDIT project_se/views/default/news_stories.html: 0
[2017-03-26 15:53:44] EDIT project_se/views/default/news_stories.html: 1
[2017-03-26 15:55:09] EDIT project_se/models/new_tables.py: -5
[2017-03-26 16:01:47] EDIT project_se/models/new_tables.py: 0
[2017-03-26 16:02:27] EDIT project_se/controllers/default.py: -2
[2017-03-26 16:02:39] EDIT project_se/controllers/default.py: 0
[2017-03-26 16:07:30] EDIT project_se/models/new_tables.py: 1
[2017-03-26 16:07:54] EDIT project_se/models/new_tables.py: 0
[2017-03-26 16:15:07] EDIT project_se/models/menu.py: 0
[2017-03-26 16:15:11] EDIT project_se/models/menu.py: 0
[2017-03-26 16:16:55] EDIT project_se/models/menu.py: 0
[2017-03-26 16:17:38] EDIT project_se/controllers/default.py: 0
[2017-03-26 16:18:06] EDIT project_se/controllers/default.py: 0
[2017-03-26 16:18:25] EDIT project_se/controllers/default.py: 0
[2017-03-26 16:19:22] CREATE default/news_and_articles.html: 0
[2017-03-26 16:19:42] EDIT project_se/views/default/news_and_articles.html: 9
[2017-03-26 16:21:15] EDIT project_se/models/menu.py: 0
[2017-03-26 16:21:38] EDIT project_se/models/menu.py: 0
[2017-03-26 16:22:07] EDIT project_se/controllers/default.py: 2
[2017-03-26 16:40:25] EDIT project_se/controllers/default.py: 1
[2017-03-26 16:41:08] EDIT project_se/controllers/default.py: 0
[2017-03-26 16:42:22] CREATE default/manage.html: 0
[2017-03-26 16:42:52] EDIT project_se/views/default/manage.html: -1
[2017-03-26 16:49:03] EDIT project_se/controllers/default.py: 3
[2017-03-26 16:50:12] EDIT project_se/controllers/default.py: 0
[2017-03-26 16:51:33] EDIT project_se/controllers/default.py: 3
[2017-03-26 16:51:53] EDIT project_se/controllers/default.py: 0
[2017-03-26 16:56:07] EDIT project_se/controllers/default.py: 0
[2017-03-26 16:56:28] EDIT project_se/controllers/default.py: 0
[2017-03-26 16:57:56] EDIT project_se/controllers/default.py: 0
[2017-03-26 16:58:34] EDIT project_se/controllers/default.py: 0
[2017-03-26 16:59:25] EDIT project_se/controllers/default.py: 0
[2017-03-26 17:01:54] EDIT project_se/controllers/default.py: 0
[2017-03-26 17:06:18] EDIT project_se/models/new_tables.py: 0
[2017-03-26 17:06:33] EDIT project_se/models/new_tables.py: 0
[2017-03-26 17:33:46] EDIT project_se/models/new_tables.py: 0
[2017-03-26 17:34:14] EDIT project_se/controllers/default.py: 0
[2017-03-26 18:27:12] EDIT project_se/views/default/proposals.html: 0
[2017-03-26 18:28:28] EDIT project_se/views/default/proposals.html: 0
[2017-03-26 18:29:24] EDIT project_se/views/default/proposals.html: 0
[2017-03-26 18:29:51] EDIT project_se/views/default/proposals.html: 0
[2017-03-26 18:47:35] EDIT project_se/controllers/default.py: 2
[2017-03-26 18:53:43] EDIT project_se/models/new_tables.py: 4
[2017-03-26 18:55:00] EDIT project_se/models/new_tables.py: 1
[2017-03-27 09:51:43] EDIT project_se/models/menu.py: 2
[2017-03-27 09:54:22] EDIT project_se/controllers/default.py: 3
[2017-03-27 10:25:41] EDIT project_se/controllers/default.py: 0
[2017-03-27 10:29:53] EDIT project_se/models/new_tables.py: 3
[2017-03-27 10:30:29] EDIT project_se/models/new_tables.py: 0
[2017-03-27 10:31:51] EDIT project_se/models/new_tables.py: 2
[2017-03-27 10:31:56] EDIT project_se/models/new_tables.py: 0
[2017-03-27 10:34:01] EDIT project_se/controllers/default.py: 3
[2017-03-27 10:34:16] EDIT project_se/controllers/default.py: -2
[2017-03-27 10:34:41] CREATE default/follow.html: 0
[2017-03-27 10:34:58] CREATE default/notify.html: 0
[2017-03-27 10:37:09] EDIT project_se/views/default/follow.html: 11
[2017-03-27 10:38:11] EDIT project_se/views/default/follow.html: 0
[2017-03-27 10:44:22] EDIT project_se/views/default/follow.html: 0
[2017-03-27 10:45:52] EDIT project_se/controllers/default.py: 4
[2017-03-27 10:46:56] EDIT project_se/views/default/notify.html: -1
[2017-03-27 10:48:36] EDIT project_se/models/menu.py: 0
[2017-03-27 10:49:35] EDIT project_se/models/menu.py: 0
[2017-03-27 10:50:15] EDIT project_se/models/new_tables.py: 0
[2017-03-27 10:51:31] EDIT project_se/views/default/follow.html: 0
[2017-03-27 11:05:44] EDIT project_se/views/default/follow.html: 0
[2017-03-27 11:06:52] EDIT project_se/views/default/follow.html: 0
[2017-03-27 11:09:33] EDIT project_se/controllers/default.py: 1
[2017-03-27 11:10:57] EDIT project_se/controllers/default.py: 1
[2017-03-27 11:12:00] EDIT project_se/controllers/default.py: 0
[2017-03-27 11:12:38] EDIT project_se/controllers/default.py: 0
[2017-03-27 11:13:27] EDIT project_se/controllers/default.py: 1
[2017-03-27 11:19:24] EDIT project_se/models/new_tables.py: 0
[2017-03-27 11:20:49] EDIT project_se/controllers/default.py: -1
[2017-03-27 11:21:20] EDIT project_se/controllers/default.py: -2
[2017-03-27 11:21:59] EDIT project_se/controllers/default.py: 1
[2017-03-27 11:22:52] EDIT project_se/controllers/default.py: 1
[2017-03-27 11:23:16] EDIT project_se/controllers/default.py: 0
[2017-03-27 11:23:42] EDIT project_se/views/default/follow.html: 0
[2017-03-27 11:25:41] EDIT project_se/controllers/default.py: 0
[2017-03-27 11:27:00] EDIT project_se/controllers/default.py: 0
[2017-03-27 11:27:25] EDIT project_se/controllers/default.py: 0
[2017-03-27 11:28:08] EDIT project_se/views/default/follow.html: 0
[2017-03-27 11:29:00] EDIT project_se/controllers/default.py: 0
[2017-03-27 11:30:33] EDIT project_se/controllers/default.py: -1
[2017-03-27 11:32:03] EDIT project_se/controllers/default.py: 0
[2017-03-27 11:32:35] EDIT project_se/controllers/default.py: 1
[2017-03-27 11:33:18] EDIT project_se/views/default/follow.html: 0
[2017-03-27 11:34:01] EDIT project_se/controllers/default.py: 1
[2017-03-27 11:34:38] EDIT project_se/controllers/default.py: 0
[2017-03-27 11:34:56] EDIT project_se/models/new_tables.py: 0
[2017-03-27 11:35:19] EDIT project_se/controllers/default.py: 0
[2017-03-27 11:41:44] EDIT project_se/models/new_tables.py: 0
[2017-03-27 11:42:03] EDIT project_se/controllers/default.py: 0
[2017-03-27 11:43:12] EDIT project_se/controllers/default.py: 0
[2017-03-27 11:43:35] EDIT project_se/controllers/default.py: 0
[2017-03-27 11:44:19] EDIT project_se/controllers/default.py: 0
[2017-03-27 11:45:38] EDIT project_se/controllers/default.py: -2
[2017-03-27 11:46:50] EDIT project_se/controllers/default.py: 0
[2017-03-27 11:47:07] EDIT project_se/models/new_tables.py: 0
[2017-03-27 11:47:57] EDIT project_se/controllers/default.py: 2
[2017-03-27 11:48:52] EDIT project_se/controllers/default.py: 0
[2017-03-27 12:01:20] EDIT original/models/new_tables.py: 5
[2017-03-27 12:02:36] EDIT original/controllers/default.py: 2
[2017-03-27 12:02:55] EDIT original/models/menu.py: 0
[2017-03-27 12:03:11] EDIT original/models/menu.py: 0
[2017-03-27 12:03:28] EDIT original/models/menu.py: 0
[2017-03-27 12:04:18] CREATE default/resouces.html: 0
[2017-03-27 12:04:32] DELETE original/views/default/resouces.html: -3
[2017-03-27 12:04:53] CREATE default/resources.html: 0
[2017-03-27 12:05:20] EDIT original/views/default/resources.html: 28
[2017-03-27 12:06:59] UPLOAD /home/pulkit/Desktop/web2py/applications/original/static/assignment4-sns.pdf: 816
[2017-03-27 12:12:29] EDIT original/views/default/resources.html: 0
[2017-03-27 12:14:48] EDIT original/controllers/default.py: 0
[2017-03-27 12:16:57] UPLOAD /home/pulkit/Desktop/web2py/applications/original/static/Assignment1.pdf: 524
[2017-03-27 12:17:41] UPLOAD /home/pulkit/Desktop/web2py/applications/original/static/tut-1.pdf: 2299
